[32m[I 2022-11-27 12:33:41,114][0m A new study created in memory with name: optuna_ppo[0m
[32m[I 2022-11-27 12:49:39,297][0m Trial 0 finished with value: 1263.2757199999996 and parameters: {'learning_rate': 2.4130772826598622e-05, 'n_steps': 1024, 'batch_size': 512, 'gamma': 0.999, 'clip_range': 0.3}. Best is trial 0 with value: 1263.2757199999996.[0m
[32m[I 2022-11-27 13:08:35,171][0m Trial 1 finished with value: 966.8964799999998 and parameters: {'learning_rate': 0.0024009410399844157, 'n_steps': 512, 'batch_size': 256, 'gamma': 0.995, 'clip_range': 0.2}. Best is trial 0 with value: 1263.2757199999996.[0m
[32m[I 2022-11-27 13:26:04,669][0m Trial 2 finished with value: 1042.7112300000001 and parameters: {'learning_rate': 4.758650195632333e-05, 'n_steps': 256, 'batch_size': 128, 'gamma': 0.9, 'clip_range': 0.1}. Best is trial 0 with value: 1263.2757199999996.[0m
[32m[I 2022-11-27 13:46:52,651][0m Trial 3 finished with value: 880.20742 and parameters: {'learning_rate': 0.1478572304353915, 'n_steps': 256, 'batch_size': 32, 'gamma': 0.999, 'clip_range': 0.1}. Best is trial 0 with value: 1263.2757199999996.[0m
[32m[I 2022-11-27 14:23:18,216][0m Trial 4 finished with value: 616.0752199999998 and parameters: {'learning_rate': 0.00020351268024005093, 'n_steps': 1024, 'batch_size': 8, 'gamma': 0.9, 'clip_range': 0.1}. Best is trial 0 with value: 1263.2757199999996.[0m
[32m[I 2022-11-27 14:43:05,992][0m Trial 5 finished with value: 1165.0667500000002 and parameters: {'learning_rate': 0.09471896751714816, 'n_steps': 128, 'batch_size': 32, 'gamma': 0.9, 'clip_range': 0.2}. Best is trial 0 with value: 1263.2757199999996.[0m
[32m[I 2022-11-27 15:00:01,049][0m Trial 6 finished with value: 982.1958299999997 and parameters: {'learning_rate': 0.002627764069766662, 'n_steps': 128, 'batch_size': 2048, 'gamma': 0.95, 'clip_range': 0.4}. Best is trial 0 with value: 1263.2757199999996.[0m
[32m[I 2022-11-27 15:15:06,049][0m Trial 7 finished with value: 1112.6782399999997 and parameters: {'learning_rate': 0.0001785647013074752, 'n_steps': 512, 'batch_size': 512, 'gamma': 0.99, 'clip_range': 0.2}. Best is trial 0 with value: 1263.2757199999996.[0m
[32m[I 2022-11-27 15:35:14,875][0m Trial 8 finished with value: 960.9463100000003 and parameters: {'learning_rate': 0.0006644056193514339, 'n_steps': 2048, 'batch_size': 32, 'gamma': 0.98, 'clip_range': 0.1}. Best is trial 0 with value: 1263.2757199999996.[0m
[32m[I 2022-11-27 16:00:07,260][0m Trial 9 finished with value: 922.81598 and parameters: {'learning_rate': 0.009936827013747252, 'n_steps': 512, 'batch_size': 16, 'gamma': 0.995, 'clip_range': 0.4}. Best is trial 0 with value: 1263.2757199999996.[0m
[32m[I 2022-11-27 16:15:52,255][0m Trial 10 finished with value: 1067.0181100000002 and parameters: {'learning_rate': 1.0979009340094546e-05, 'n_steps': 1024, 'batch_size': 512, 'gamma': 0.9999, 'clip_range': 0.3}. Best is trial 0 with value: 1263.2757199999996.[0m
[32m[I 2022-11-27 16:37:19,411][0m Trial 11 finished with value: 941.6568599999996 and parameters: {'learning_rate': 0.7529279874997432, 'n_steps': 128, 'batch_size': 64, 'gamma': 0.999, 'clip_range': 0.3}. Best is trial 0 with value: 1263.2757199999996.[0m
[32m[I 2022-11-27 17:13:47,242][0m Trial 12 finished with value: 415.62659999999994 and parameters: {'learning_rate': 0.031237149126444763, 'n_steps': 8, 'batch_size': 1024, 'gamma': 0.999, 'clip_range': 0.2}. Best is trial 0 with value: 1263.2757199999996.[0m
[32m[I 2022-11-27 17:35:11,869][0m Trial 13 finished with value: 1047.9333 and parameters: {'learning_rate': 0.047011875600496474, 'n_steps': 64, 'batch_size': 512, 'gamma': 0.9, 'clip_range': 0.3}. Best is trial 0 with value: 1263.2757199999996.[0m
[32m[I 2022-11-27 18:00:42,858][0m Trial 14 finished with value: 630.36838 and parameters: {'learning_rate': 0.6666625822220665, 'n_steps': 16, 'batch_size': 32, 'gamma': 0.9999, 'clip_range': 0.2}. Best is trial 0 with value: 1263.2757199999996.[0m
[32m[I 2022-11-27 18:20:32,081][0m Trial 15 finished with value: 519.5860999999998 and parameters: {'learning_rate': 1.3013575100497085e-05, 'n_steps': 32, 'batch_size': 256, 'gamma': 0.95, 'clip_range': 0.3}. Best is trial 0 with value: 1263.2757199999996.[0m
[32m[I 2022-11-27 18:56:05,944][0m Trial 16 finished with value: 985.10642 and parameters: {'learning_rate': 0.011648164978505581, 'n_steps': 128, 'batch_size': 8, 'gamma': 0.98, 'clip_range': 0.2}. Best is trial 0 with value: 1263.2757199999996.[0m
[32m[I 2022-11-27 19:13:10,591][0m Trial 17 finished with value: 860.0719499999998 and parameters: {'learning_rate': 0.15703772745187192, 'n_steps': 1024, 'batch_size': 2048, 'gamma': 0.99, 'clip_range': 0.3}. Best is trial 0 with value: 1263.2757199999996.[0m
[32m[I 2022-11-27 19:32:33,169][0m Trial 18 finished with value: 868.20494 and parameters: {'learning_rate': 0.0003216999683318553, 'n_steps': 64, 'batch_size': 128, 'gamma': 0.999, 'clip_range': 0.4}. Best is trial 0 with value: 1263.2757199999996.[0m
[32m[I 2022-11-27 20:10:57,521][0m Trial 19 finished with value: 203.33626 and parameters: {'learning_rate': 0.0008168824501908045, 'n_steps': 8, 'batch_size': 16, 'gamma': 0.9, 'clip_range': 0.2}. Best is trial 0 with value: 1263.2757199999996.[0m
[32m[I 2022-11-27 20:26:40,378][0m Trial 20 finished with value: 1331.4173699999997 and parameters: {'learning_rate': 7.562847395426569e-05, 'n_steps': 2048, 'batch_size': 1024, 'gamma': 0.999, 'clip_range': 0.3}. Best is trial 20 with value: 1331.4173699999997.[0m
[32m[I 2022-11-27 20:44:42,466][0m Trial 21 finished with value: 1290.4448099999995 and parameters: {'learning_rate': 5.687382427113209e-05, 'n_steps': 2048, 'batch_size': 1024, 'gamma': 0.999, 'clip_range': 0.3}. Best is trial 20 with value: 1331.4173699999997.[0m
[32m[I 2022-11-27 21:00:11,321][0m Trial 22 finished with value: 1139.87664 and parameters: {'learning_rate': 4.3977093985398805e-05, 'n_steps': 2048, 'batch_size': 1024, 'gamma': 0.999, 'clip_range': 0.3}. Best is trial 20 with value: 1331.4173699999997.[0m
[32m[I 2022-11-27 21:17:10,329][0m Trial 23 finished with value: 1305.0893300000002 and parameters: {'learning_rate': 4.20449899951059e-05, 'n_steps': 2048, 'batch_size': 1024, 'gamma': 0.999, 'clip_range': 0.3}. Best is trial 20 with value: 1331.4173699999997.[0m
[32m[I 2022-11-27 21:34:23,089][0m Trial 24 finished with value: 1348.6071500000003 and parameters: {'learning_rate': 6.42357159623055e-05, 'n_steps': 2048, 'batch_size': 1024, 'gamma': 0.999, 'clip_range': 0.3}. Best is trial 24 with value: 1348.6071500000003.[0m
[32m[I 2022-11-27 21:51:43,773][0m Trial 25 finished with value: 1347.7293400000008 and parameters: {'learning_rate': 0.00013208346357130012, 'n_steps': 2048, 'batch_size': 1024, 'gamma': 0.999, 'clip_range': 0.3}. Best is trial 24 with value: 1348.6071500000003.[0m
[32m[I 2022-11-27 22:07:31,645][0m Trial 26 finished with value: 1373.4189500000002 and parameters: {'learning_rate': 0.00010950439029732987, 'n_steps': 2048, 'batch_size': 1024, 'gamma': 0.999, 'clip_range': 0.3}. Best is trial 26 with value: 1373.4189500000002.[0m
[32m[I 2022-11-27 22:24:41,124][0m Trial 27 finished with value: 1368.3306400000001 and parameters: {'learning_rate': 0.000740111158134058, 'n_steps': 2048, 'batch_size': 1024, 'gamma': 0.999, 'clip_range': 0.3}. Best is trial 26 with value: 1373.4189500000002.[0m
[32m[I 2022-11-27 22:40:04,045][0m Trial 28 finished with value: 1309.9371800000001 and parameters: {'learning_rate': 0.0006501311442262171, 'n_steps': 2048, 'batch_size': 1024, 'gamma': 0.999, 'clip_range': 0.3}. Best is trial 26 with value: 1373.4189500000002.[0m
[32m[I 2022-11-27 22:59:53,354][0m Trial 29 finished with value: 632.7637999999995 and parameters: {'learning_rate': 0.0011480013175608924, 'n_steps': 32, 'batch_size': 64, 'gamma': 0.999, 'clip_range': 0.3}. Best is trial 26 with value: 1373.4189500000002.[0m
[32m[I 2022-11-27 23:25:17,909][0m Trial 30 finished with value: 544.84961 and parameters: {'learning_rate': 2.411500918640741e-05, 'n_steps': 16, 'batch_size': 1024, 'gamma': 0.995, 'clip_range': 0.3}. Best is trial 26 with value: 1373.4189500000002.[0m
[32m[I 2022-11-27 23:40:31,549][0m Trial 31 finished with value: 1442.3610800000001 and parameters: {'learning_rate': 0.00013686205728827289, 'n_steps': 2048, 'batch_size': 1024, 'gamma': 0.999, 'clip_range': 0.3}. Best is trial 31 with value: 1442.3610800000001.[0m
[32m[I 2022-11-27 23:56:21,555][0m Trial 32 finished with value: 1397.15803 and parameters: {'learning_rate': 0.00040587035462131307, 'n_steps': 2048, 'batch_size': 1024, 'gamma': 0.999, 'clip_range': 0.3}. Best is trial 31 with value: 1442.3610800000001.[0m
[32m[I 2022-11-28 00:11:55,343][0m Trial 33 finished with value: 1384.0254200000008 and parameters: {'learning_rate': 0.0003571230642636197, 'n_steps': 2048, 'batch_size': 1024, 'gamma': 0.999, 'clip_range': 0.3}. Best is trial 31 with value: 1442.3610800000001.[0m
[32m[I 2022-11-28 00:30:27,869][0m Trial 34 finished with value: 1137.4607199999998 and parameters: {'learning_rate': 0.00038275829372227585, 'n_steps': 2048, 'batch_size': 256, 'gamma': 0.9999, 'clip_range': 0.3}. Best is trial 31 with value: 1442.3610800000001.[0m
[32m[I 2022-11-28 00:48:50,824][0m Trial 35 finished with value: 857.7711199999997 and parameters: {'learning_rate': 0.004840011503210253, 'n_steps': 256, 'batch_size': 1024, 'gamma': 0.999, 'clip_range': 0.1}. Best is trial 31 with value: 1442.3610800000001.[0m
[32m[I 2022-11-28 01:05:47,844][0m Trial 36 finished with value: 1025.4818800000003 and parameters: {'learning_rate': 0.0014511731109634843, 'n_steps': 2048, 'batch_size': 128, 'gamma': 0.98, 'clip_range': 0.3}. Best is trial 31 with value: 1442.3610800000001.[0m
[32m[I 2022-11-28 01:41:27,698][0m Trial 37 finished with value: 767.5754399999998 and parameters: {'learning_rate': 0.00011453369750637974, 'n_steps': 2048, 'batch_size': 8, 'gamma': 0.99, 'clip_range': 0.4}. Best is trial 31 with value: 1442.3610800000001.[0m
[32m[I 2022-11-28 01:57:45,235][0m Trial 38 finished with value: 1276.0896200000002 and parameters: {'learning_rate': 0.00023369312918713304, 'n_steps': 2048, 'batch_size': 1024, 'gamma': 0.95, 'clip_range': 0.1}. Best is trial 31 with value: 1442.3610800000001.[0m
[32m[I 2022-11-28 02:14:10,628][0m Trial 39 finished with value: 1182.1602999999998 and parameters: {'learning_rate': 0.000396221594571065, 'n_steps': 256, 'batch_size': 2048, 'gamma': 0.995, 'clip_range': 0.3}. Best is trial 31 with value: 1442.3610800000001.[0m
[32m[I 2022-11-28 02:29:47,702][0m Trial 40 finished with value: 987.23811 and parameters: {'learning_rate': 0.0018435355292857063, 'n_steps': 512, 'batch_size': 1024, 'gamma': 0.999, 'clip_range': 0.3}. Best is trial 31 with value: 1442.3610800000001.[0m
[32m[I 2022-11-28 02:45:09,045][0m Trial 41 finished with value: 1229.3483900000003 and parameters: {'learning_rate': 0.004131187893002672, 'n_steps': 2048, 'batch_size': 1024, 'gamma': 0.999, 'clip_range': 0.3}. Best is trial 31 with value: 1442.3610800000001.[0m
[32m[I 2022-11-28 03:00:38,898][0m Trial 42 finished with value: 1031.6526900000003 and parameters: {'learning_rate': 0.00011613112431348312, 'n_steps': 2048, 'batch_size': 1024, 'gamma': 0.999, 'clip_range': 0.3}. Best is trial 31 with value: 1442.3610800000001.[0m
[32m[I 2022-11-28 03:26:17,274][0m Trial 43 finished with value: 887.31268 and parameters: {'learning_rate': 0.0005246712160168715, 'n_steps': 2048, 'batch_size': 16, 'gamma': 0.999, 'clip_range': 0.3}. Best is trial 31 with value: 1442.3610800000001.[0m
[32m[I 2022-11-28 03:41:46,964][0m Trial 44 finished with value: 1361.2137800000005 and parameters: {'learning_rate': 0.0002323370704455129, 'n_steps': 2048, 'batch_size': 1024, 'gamma': 0.999, 'clip_range': 0.4}. Best is trial 31 with value: 1442.3610800000001.[0m
[32m[I 2022-11-28 04:19:32,993][0m Trial 45 finished with value: 209.81814999999995 and parameters: {'learning_rate': 0.0009257330493820567, 'n_steps': 8, 'batch_size': 64, 'gamma': 0.999, 'clip_range': 0.3}. Best is trial 31 with value: 1442.3610800000001.[0m
[32m[I 2022-11-28 04:40:55,833][0m Trial 46 finished with value: 819.2664899999997 and parameters: {'learning_rate': 2.323876860847208e-05, 'n_steps': 64, 'batch_size': 1024, 'gamma': 0.95, 'clip_range': 0.1}. Best is trial 31 with value: 1442.3610800000001.[0m
[32m[I 2022-11-28 05:07:03,758][0m Trial 47 finished with value: 353.47096 and parameters: {'learning_rate': 0.00016662427870852182, 'n_steps': 16, 'batch_size': 512, 'gamma': 0.99, 'clip_range': 0.3}. Best is trial 31 with value: 1442.3610800000001.[0m
[32m[I 2022-11-28 05:27:01,859][0m Trial 48 finished with value: 867.9598399999995 and parameters: {'learning_rate': 0.002405381980783268, 'n_steps': 32, 'batch_size': 32, 'gamma': 0.98, 'clip_range': 0.3}. Best is trial 31 with value: 1442.3610800000001.[0m
[32m[I 2022-11-28 05:43:16,344][0m Trial 49 finished with value: 1179.39507 and parameters: {'learning_rate': 9.22899985724654e-05, 'n_steps': 1024, 'batch_size': 256, 'gamma': 0.9999, 'clip_range': 0.3}. Best is trial 31 with value: 1442.3610800000001.[0m
[32m[I 2022-11-28 06:01:51,558][0m Trial 50 finished with value: 1252.6936199999998 and parameters: {'learning_rate': 0.0002942583130277375, 'n_steps': 512, 'batch_size': 128, 'gamma': 0.9, 'clip_range': 0.4}. Best is trial 31 with value: 1442.3610800000001.[0m
[32m[I 2022-11-28 06:17:32,419][0m Trial 51 finished with value: 1321.46536 and parameters: {'learning_rate': 0.00021095753119849018, 'n_steps': 2048, 'batch_size': 1024, 'gamma': 0.999, 'clip_range': 0.4}. Best is trial 31 with value: 1442.3610800000001.[0m
[32m[I 2022-11-28 06:35:16,584][0m Trial 52 finished with value: 1484.86121 and parameters: {'learning_rate': 0.0004950714556168254, 'n_steps': 2048, 'batch_size': 1024, 'gamma': 0.999, 'clip_range': 0.4}. Best is trial 52 with value: 1484.86121.[0m
[32m[I 2022-11-28 06:50:36,733][0m Trial 53 finished with value: 1430.4467400000005 and parameters: {'learning_rate': 0.0007800823291819974, 'n_steps': 2048, 'batch_size': 1024, 'gamma': 0.999, 'clip_range': 0.4}. Best is trial 52 with value: 1484.86121.[0m
[32m[I 2022-11-28 07:26:17,966][0m Trial 54 finished with value: 750.5464099999996 and parameters: {'learning_rate': 0.00047329003698094355, 'n_steps': 128, 'batch_size': 8, 'gamma': 0.999, 'clip_range': 0.4}. Best is trial 52 with value: 1484.86121.[0m
[32m[I 2022-11-28 07:42:46,110][0m Trial 55 finished with value: 1283.5074399999996 and parameters: {'learning_rate': 0.0016352433816773627, 'n_steps': 2048, 'batch_size': 1024, 'gamma': 0.999, 'clip_range': 0.4}. Best is trial 52 with value: 1484.86121.[0m
[32m[I 2022-11-28 08:00:46,488][0m Trial 56 finished with value: 1218.1818500000002 and parameters: {'learning_rate': 3.3278626108636185e-05, 'n_steps': 2048, 'batch_size': 2048, 'gamma': 0.995, 'clip_range': 0.4}. Best is trial 52 with value: 1484.86121.[0m
[32m[I 2022-11-28 08:16:23,340][0m Trial 57 finished with value: 1578.4473300000004 and parameters: {'learning_rate': 0.00016039989215808857, 'n_steps': 2048, 'batch_size': 1024, 'gamma': 0.999, 'clip_range': 0.4}. Best is trial 57 with value: 1578.4473300000004.[0m
[32m[I 2022-11-28 08:41:30,989][0m Trial 58 finished with value: 742.7570199999998 and parameters: {'learning_rate': 0.00016354758296418043, 'n_steps': 64, 'batch_size': 16, 'gamma': 0.999, 'clip_range': 0.4}. Best is trial 57 with value: 1578.4473300000004.[0m
[32m[I 2022-11-28 08:57:03,701][0m Trial 59 finished with value: 1256.1350200000006 and parameters: {'learning_rate': 0.0011548188111520413, 'n_steps': 1024, 'batch_size': 1024, 'gamma': 0.9, 'clip_range': 0.4}. Best is trial 57 with value: 1578.4473300000004.[0m
[32m[I 2022-11-28 09:34:26,119][0m Trial 60 finished with value: 287.5592899999999 and parameters: {'learning_rate': 0.006516023661453851, 'n_steps': 8, 'batch_size': 512, 'gamma': 0.999, 'clip_range': 0.4}. Best is trial 57 with value: 1578.4473300000004.[0m
[32m[I 2022-11-28 09:49:45,186][0m Trial 61 finished with value: 1496.2103 and parameters: {'learning_rate': 0.00032922901150023523, 'n_steps': 2048, 'batch_size': 1024, 'gamma': 0.999, 'clip_range': 0.4}. Best is trial 57 with value: 1578.4473300000004.[0m
[32m[I 2022-11-28 10:05:31,584][0m Trial 62 finished with value: 1336.10203 and parameters: {'learning_rate': 0.0003181099995647089, 'n_steps': 2048, 'batch_size': 1024, 'gamma': 0.999, 'clip_range': 0.4}. Best is trial 57 with value: 1578.4473300000004.[0m
[32m[I 2022-11-28 10:23:34,888][0m Trial 63 finished with value: 1375.09285 and parameters: {'learning_rate': 0.000570629972520899, 'n_steps': 2048, 'batch_size': 1024, 'gamma': 0.999, 'clip_range': 0.4}. Best is trial 57 with value: 1578.4473300000004.[0m
[32m[I 2022-11-28 10:43:06,435][0m Trial 64 finished with value: 998.0829899999997 and parameters: {'learning_rate': 0.00026415700807052846, 'n_steps': 2048, 'batch_size': 32, 'gamma': 0.999, 'clip_range': 0.4}. Best is trial 57 with value: 1578.4473300000004.[0m
[32m[I 2022-11-28 11:00:57,883][0m Trial 65 finished with value: 1271.7654199999995 and parameters: {'learning_rate': 6.938920961073474e-05, 'n_steps': 2048, 'batch_size': 1024, 'gamma': 0.999, 'clip_range': 0.2}. Best is trial 57 with value: 1578.4473300000004.[0m
[32m[I 2022-11-28 11:16:52,087][0m Trial 66 finished with value: 1017.7476899999997 and parameters: {'learning_rate': 0.0008735011427939423, 'n_steps': 256, 'batch_size': 1024, 'gamma': 0.9999, 'clip_range': 0.4}. Best is trial 57 with value: 1578.4473300000004.[0m
[32m[I 2022-11-28 11:37:38,232][0m Trial 67 finished with value: 1246.2778300000002 and parameters: {'learning_rate': 0.00014785872946082208, 'n_steps': 128, 'batch_size': 64, 'gamma': 0.95, 'clip_range': 0.4}. Best is trial 57 with value: 1578.4473300000004.[0m
[32m[I 2022-11-28 11:54:37,056][0m Trial 68 finished with value: 1440.5557899999997 and parameters: {'learning_rate': 0.0004188650730338682, 'n_steps': 2048, 'batch_size': 1024, 'gamma': 0.98, 'clip_range': 0.4}. Best is trial 57 with value: 1578.4473300000004.[0m
[32m[I 2022-11-28 12:14:46,762][0m Trial 69 finished with value: 967.83025 and parameters: {'learning_rate': 0.0031735458947480966, 'n_steps': 32, 'batch_size': 1024, 'gamma': 0.98, 'clip_range': 0.4}. Best is trial 57 with value: 1578.4473300000004.[0m
[32m[I 2022-11-28 12:41:02,555][0m Trial 70 finished with value: 365.90522 and parameters: {'learning_rate': 0.0005178682810699094, 'n_steps': 16, 'batch_size': 256, 'gamma': 0.98, 'clip_range': 0.4}. Best is trial 57 with value: 1578.4473300000004.[0m
[32m[I 2022-11-28 12:55:36,278][0m Trial 71 finished with value: 1399.8495799999998 and parameters: {'learning_rate': 0.0003304365700146118, 'n_steps': 2048, 'batch_size': 1024, 'gamma': 0.98, 'clip_range': 0.4}. Best is trial 57 with value: 1578.4473300000004.[0m
[32m[I 2022-11-28 13:10:37,874][0m Trial 72 finished with value: 1313.7899499999999 and parameters: {'learning_rate': 0.00018493450054711595, 'n_steps': 2048, 'batch_size': 1024, 'gamma': 0.98, 'clip_range': 0.4}. Best is trial 57 with value: 1578.4473300000004.[0m
[32m[I 2022-11-28 13:26:26,867][0m Trial 73 finished with value: 1422.4258000000002 and parameters: {'learning_rate': 0.000652556893338076, 'n_steps': 2048, 'batch_size': 1024, 'gamma': 0.98, 'clip_range': 0.4}. Best is trial 57 with value: 1578.4473300000004.[0m
[32m[I 2022-11-28 13:42:16,374][0m Trial 74 finished with value: 1132.5480600000003 and parameters: {'learning_rate': 0.0011425905840026166, 'n_steps': 2048, 'batch_size': 1024, 'gamma': 0.98, 'clip_range': 0.4}. Best is trial 57 with value: 1578.4473300000004.[0m
[32m[I 2022-11-28 13:59:53,911][0m Trial 75 finished with value: 1407.9161699999997 and parameters: {'learning_rate': 0.0006917690339929399, 'n_steps': 2048, 'batch_size': 1024, 'gamma': 0.98, 'clip_range': 0.4}. Best is trial 57 with value: 1578.4473300000004.[0m
[32m[I 2022-11-28 14:19:23,354][0m Trial 76 finished with value: 1045.7682300000004 and parameters: {'learning_rate': 0.0009268661557218045, 'n_steps': 2048, 'batch_size': 128, 'gamma': 0.98, 'clip_range': 0.4}. Best is trial 57 with value: 1578.4473300000004.[0m
[32m[I 2022-11-28 14:55:17,357][0m Trial 77 finished with value: 773.8511799999998 and parameters: {'learning_rate': 0.0005943588537460435, 'n_steps': 2048, 'batch_size': 8, 'gamma': 0.98, 'clip_range': 0.4}. Best is trial 57 with value: 1578.4473300000004.[0m
[32m[I 2022-11-28 15:10:39,218][0m Trial 78 finished with value: 948.7673299999999 and parameters: {'learning_rate': 0.41893418503452495, 'n_steps': 512, 'batch_size': 1024, 'gamma': 0.98, 'clip_range': 0.4}. Best is trial 57 with value: 1578.4473300000004.[0m
[32m[I 2022-11-28 15:26:35,887][0m Trial 79 finished with value: 1363.0397500000001 and parameters: {'learning_rate': 0.0015180511874246887, 'n_steps': 2048, 'batch_size': 2048, 'gamma': 0.98, 'clip_range': 0.2}. Best is trial 57 with value: 1578.4473300000004.[0m
[32m[I 2022-11-28 15:44:30,737][0m Trial 80 finished with value: 1478.5551800000003 and parameters: {'learning_rate': 0.0007063697738153186, 'n_steps': 2048, 'batch_size': 1024, 'gamma': 0.98, 'clip_range': 0.4}. Best is trial 57 with value: 1578.4473300000004.[0m
[32m[I 2022-11-28 16:01:41,440][0m Trial 81 finished with value: 1208.2224099999994 and parameters: {'learning_rate': 0.0007677061486234017, 'n_steps': 2048, 'batch_size': 1024, 'gamma': 0.98, 'clip_range': 0.4}. Best is trial 57 with value: 1578.4473300000004.[0m
[32m[I 2022-11-28 16:17:06,764][0m Trial 82 finished with value: 1399.3919600000008 and parameters: {'learning_rate': 8.554230694562407e-05, 'n_steps': 2048, 'batch_size': 1024, 'gamma': 0.98, 'clip_range': 0.4}. Best is trial 57 with value: 1578.4473300000004.[0m
