[32m[I 2022-11-28 16:34:13,187][0m Trial 83 finished with value: 1150.3836600000002 and parameters: {'learning_rate': 0.0019486872025397815, 'n_steps': 2048, 'batch_size': 1024, 'gamma': 0.99, 'clip_range': 0.4}. Best is trial 57 with value: 1578.4473300000004.[0m
[32m[I 2022-11-28 16:52:01,200][0m Trial 84 finished with value: 1128.7686999999999 and parameters: {'learning_rate': 0.0004389671042803763, 'n_steps': 2048, 'batch_size': 1024, 'gamma': 0.98, 'clip_range': 0.4}. Best is trial 57 with value: 1578.4473300000004.[0m
[32m[I 2022-11-28 17:07:07,791][0m Trial 85 finished with value: 1019.7371500000005 and parameters: {'learning_rate': 0.016495087564721095, 'n_steps': 2048, 'batch_size': 1024, 'gamma': 0.98, 'clip_range': 0.1}. Best is trial 57 with value: 1578.4473300000004.[0m
[32m[I 2022-11-28 17:46:11,952][0m Trial 86 finished with value: 208.84574999999998 and parameters: {'learning_rate': 0.0011470590676962908, 'n_steps': 8, 'batch_size': 16, 'gamma': 0.995, 'clip_range': 0.4}. Best is trial 57 with value: 1578.4473300000004.[0m
[32m[I 2022-11-28 18:02:34,158][0m Trial 87 finished with value: 1039.3306600000003 and parameters: {'learning_rate': 0.0002459596418008173, 'n_steps': 256, 'batch_size': 1024, 'gamma': 0.98, 'clip_range': 0.4}. Best is trial 57 with value: 1578.4473300000004.[0m
[32m[I 2022-11-28 18:21:47,119][0m Trial 88 finished with value: 927.1484700000002 and parameters: {'learning_rate': 0.0005796515122723679, 'n_steps': 64, 'batch_size': 512, 'gamma': 0.98, 'clip_range': 0.4}. Best is trial 57 with value: 1578.4473300000004.[0m
[32m[I 2022-11-28 18:41:08,306][0m Trial 89 finished with value: 994.3998999999999 and parameters: {'learning_rate': 0.0033489118518207485, 'n_steps': 2048, 'batch_size': 32, 'gamma': 0.9, 'clip_range': 0.4}. Best is trial 57 with value: 1578.4473300000004.[0m
[32m[I 2022-11-28 18:57:01,299][0m Trial 90 finished with value: 1285.9836999999998 and parameters: {'learning_rate': 0.0007252555493716738, 'n_steps': 1024, 'batch_size': 1024, 'gamma': 0.9999, 'clip_range': 0.4}. Best is trial 57 with value: 1578.4473300000004.[0m
[32m[I 2022-11-28 19:12:37,186][0m Trial 91 finished with value: 1362.6630499999994 and parameters: {'learning_rate': 0.0003417930810169717, 'n_steps': 2048, 'batch_size': 1024, 'gamma': 0.98, 'clip_range': 0.4}. Best is trial 57 with value: 1578.4473300000004.[0m
[32m[I 2022-11-28 19:28:01,293][0m Trial 92 finished with value: 1104.5650300000002 and parameters: {'learning_rate': 0.00028842965734087643, 'n_steps': 2048, 'batch_size': 1024, 'gamma': 0.98, 'clip_range': 0.4}. Best is trial 57 with value: 1578.4473300000004.[0m
[32m[I 2022-11-28 19:43:21,218][0m Trial 93 finished with value: 1255.2597 and parameters: {'learning_rate': 0.00013216481662501657, 'n_steps': 2048, 'batch_size': 1024, 'gamma': 0.98, 'clip_range': 0.4}. Best is trial 57 with value: 1578.4473300000004.[0m
[32m[I 2022-11-28 19:58:48,691][0m Trial 94 finished with value: 1018.19743 and parameters: {'learning_rate': 0.00020097144294210808, 'n_steps': 2048, 'batch_size': 1024, 'gamma': 0.99, 'clip_range': 0.4}. Best is trial 57 with value: 1578.4473300000004.[0m
[32m[I 2022-11-28 20:18:35,111][0m Trial 95 finished with value: 1113.86443 and parameters: {'learning_rate': 0.00047915953907784275, 'n_steps': 2048, 'batch_size': 64, 'gamma': 0.95, 'clip_range': 0.1}. Best is trial 57 with value: 1578.4473300000004.[0m
[32m[I 2022-11-28 20:44:28,942][0m Trial 96 finished with value: 296.65619 and parameters: {'learning_rate': 9.980670448184664e-05, 'n_steps': 16, 'batch_size': 1024, 'gamma': 0.98, 'clip_range': 0.2}. Best is trial 57 with value: 1578.4473300000004.[0m
[32m[I 2022-11-28 21:03:49,755][0m Trial 97 finished with value: 874.8277400000003 and parameters: {'learning_rate': 5.428489471960327e-05, 'n_steps': 128, 'batch_size': 1024, 'gamma': 0.999, 'clip_range': 0.4}. Best is trial 57 with value: 1578.4473300000004.[0m
[32m[I 2022-11-28 21:25:06,427][0m Trial 98 finished with value: 535.6548999999999 and parameters: {'learning_rate': 0.00038034030961941735, 'n_steps': 32, 'batch_size': 256, 'gamma': 0.999, 'clip_range': 0.4}. Best is trial 57 with value: 1578.4473300000004.[0m
[32m[I 2022-11-28 21:42:27,789][0m Trial 99 finished with value: 1172.98594 and parameters: {'learning_rate': 0.0007036595384384758, 'n_steps': 2048, 'batch_size': 1024, 'gamma': 0.98, 'clip_range': 0.4}. Best is trial 57 with value: 1578.4473300000004.[0m
